2:16:04 PM: admin warped to map #600.
2:16:33 PM: admin warped to map #599.
2:16:44 PM: admin has respawned map #599
2:17:58 PM: admin warped to map #598.
2:20:45 PM: admin warped to map #100.
1:43:04 PM: admin ha spawneado el item: 508(Colgante Ascético) con un valor de: 2, en el mapa: 67
1:43:14 PM: admin ha spawneado el item: 506(Ropaje de Artificio) con un valor de: 2, en el mapa: 67
1:43:15 PM: admin ha spawneado el item: 505(Colgante Maestro) con un valor de: 2, en el mapa: 67
1:43:18 PM: admin ha spawneado el item: 502(Cinta Goron) con un valor de: 2, en el mapa: 67
1:43:20 PM: admin ha spawneado el item: 501(Vara Elemental) con un valor de: 2, en el mapa: 67
1:43:21 PM: admin ha spawneado el item: 500(Túnica Elemental) con un valor de: 2, en el mapa: 67
1:43:22 PM: admin ha spawneado el item: 499(Gorro Elemental) con un valor de: 2, en el mapa: 67
1:43:23 PM: admin ha spawneado el item: 498(Vara de Luz) con un valor de: 2, en el mapa: 67
1:43:24 PM: admin ha spawneado el item: 497(Túnica de Luz) con un valor de: 2, en el mapa: 67
1:43:26 PM: admin ha spawneado el item: 496(Diadema de Luz) con un valor de: 2, en el mapa: 67
1:43:27 PM: admin ha spawneado el item: 495(Espada Gran Hada) con un valor de: 2, en el mapa: 67
10:06:08 PM: Dragoon has warped alaskance to self, map #2.
10:19:16 PM: Dragoon has warped to mancavematt, map #65.
10:23:24 PM: Dragoon has warped mancavematt to self, map #65.
10:33:19 PM: Dragoon has warped to alaskance, map #65.
10:33:27 PM: Dragoon has warped mancavematt to self, map #65.
10:54:59 PM: Dragoon warped to map #65.
10:55:04 PM: Dragoon warped to map #67.
10:55:12 PM: Dragoon warped to map #66.
10:55:15 PM: Dragoon warped to map #64.
10:55:19 PM: Dragoon warped to map #68.
10:57:54 PM: Dragoon warped to map #68.
10:59:14 PM: Dragoon warped to map #69.
10:59:19 PM: Dragoon warped to map #70.
10:59:24 PM: Dragoon warped to map #71.
10:59:38 PM: Dragoon warped to map #72.
10:59:54 PM: Dragoon warped to map #73.
11:00:00 PM: Dragoon warped to map #1.
11:00:03 PM: Dragoon warped to map #500.
11:00:13 PM: Dragoon warped to map #900.
11:00:23 PM: Dragoon warped to map #899.
11:00:28 PM: Dragoon warped to map #898.
11:00:32 PM: Dragoon warped to map #890.
11:00:36 PM: Dragoon warped to map #80.
11:00:58 PM: Dragoon warped to map #80.
11:01:19 PM: Dragoon warped to map #2.
11:01:55 PM: Dragoon has respawned map #2
11:01:57 PM: Dragoon has respawned map #2
11:02:10 PM: Dragoon warped to map #3.
11:02:13 PM: Dragoon warped to map #4.
11:02:15 PM: Dragoon warped to map #6.
11:02:17 PM: Dragoon warped to map #7.
11:02:19 PM: Dragoon warped to map #77.
11:02:22 PM: Dragoon warped to map #70.
11:02:30 PM: Dragoon warped to map #2.
11:03:02 PM: Dragoon warped to map #3.
11:03:04 PM: Dragoon warped to map #9.
11:03:07 PM: Dragoon warped to map #10.
11:03:09 PM: Dragoon warped to map #11.
11:03:11 PM: Dragoon warped to map #12.
11:03:12 PM: Dragoon warped to map #13.
11:03:14 PM: Dragoon warped to map #14.
11:03:16 PM: Dragoon warped to map #19.
11:03:19 PM: Dragoon warped to map #50.
11:03:21 PM: Dragoon warped to map #55.
11:03:23 PM: Dragoon warped to map #60.
11:03:25 PM: Dragoon warped to map #70.
11:03:27 PM: Dragoon warped to map #65.
11:03:29 PM: Dragoon warped to map #60.
11:03:31 PM: Dragoon warped to map #64.
11:03:33 PM: Dragoon warped to map #62.
11:03:35 PM: Dragoon warped to map #65.
10:36:31 AM: Dragoon warped to map #1.
12:27:25 PM: Dragoon saved Resource #1.
12:27:25 PM: Dragoon saved Resource #2.
12:27:25 PM: Dragoon saved Resource #5.
12:27:25 PM: Dragoon saved Resource #6.
12:27:25 PM: Dragoon saved Resource #7.
12:27:25 PM: Dragoon saved Resource #8.
12:27:25 PM: Dragoon saved Resource #9.
12:27:25 PM: Dragoon saved Resource #10.
12:28:48 PM: Dragoon saved Resource #1.
12:28:48 PM: Dragoon saved Resource #9.
12:29:27 PM: Dragoon saved Resource #1.
12:29:27 PM: Dragoon saved Resource #9.
12:33:10 PM: Dragoon saved Resource #1.
12:33:10 PM: Dragoon saved Resource #7.
12:33:10 PM: Dragoon saved Resource #8.
12:33:10 PM: Dragoon saved Resource #9.
12:33:10 PM: Dragoon saved Resource #10.
12:33:10 PM: Dragoon saved Resource #11.
12:33:10 PM: Dragoon saved Resource #12.
12:33:10 PM: Dragoon saved Resource #13.
12:33:10 PM: Dragoon saved Resource #14.
12:33:10 PM: Dragoon saved Resource #15.
12:33:10 PM: Dragoon saved Resource #16.
12:33:10 PM: Dragoon saved Resource #17.
12:33:10 PM: Dragoon saved Resource #18.
12:33:10 PM: Dragoon saved Resource #19.
12:33:10 PM: Dragoon saved Resource #20.
12:33:10 PM: Dragoon saved Resource #21.
12:33:10 PM: Dragoon saved Resource #22.
12:33:10 PM: Dragoon saved Resource #23.
12:33:10 PM: Dragoon saved Resource #24.
12:33:10 PM: Dragoon saved Resource #25.
12:33:10 PM: Dragoon saved Resource #26.
12:33:10 PM: Dragoon saved Resource #27.
12:33:10 PM: Dragoon saved Resource #28.
12:33:10 PM: Dragoon saved Resource #29.
12:33:10 PM: Dragoon saved Resource #30.
12:33:10 PM: Dragoon saved Resource #31.
12:33:10 PM: Dragoon saved Resource #32.
12:33:10 PM: Dragoon saved Resource #33.
12:33:10 PM: Dragoon saved Resource #34.
12:33:10 PM: Dragoon saved Resource #35.
12:33:10 PM: Dragoon saved Resource #36.
12:33:10 PM: Dragoon saved Resource #37.
12:33:10 PM: Dragoon saved Resource #38.
12:50:15 PM: Dragoon warped to map #250.
7:50:37 PM: Dragoon warped to map #444.
7:51:00 PM: Dragoon warped to map #499.
7:51:47 PM: Dragoon warped to map #666.
7:51:47 PM: Dragoon warped to map #666.
7:51:47 PM: Dragoon warped to map #666.
7:51:47 PM: Dragoon warped to map #666.
7:52:33 PM: Dragoon warped to map #666.
7:52:43 PM: Dragoon warped to map #667.
7:52:48 PM: Dragoon warped to map #668.
7:52:57 PM: Dragoon warped to map #699.
8:02:53 PM: Dragoon warped to map #600.
8:03:05 PM: Dragoon warped to map #700.
8:03:26 PM: Dragoon warped to map #750.
8:03:56 PM: Dragoon warped to map #751.
8:04:06 PM: Dragoon warped to map #752.
8:04:11 PM: Dragoon warped to map #754.
8:04:15 PM: Dragoon warped to map #756.
8:04:18 PM: Dragoon warped to map #758.
8:04:22 PM: Dragoon warped to map #759.
8:04:28 PM: Dragoon warped to map #790.
8:05:12 PM: Dragoon warped to map #790.
8:05:44 PM: Dragoon warped to map #793.
8:05:52 PM: Dragoon warped to map #795.
8:06:58 PM: Dragoon warped to map #900.
8:07:19 PM: Dragoon warped to map #899.
8:07:42 PM: Dragoon warped to map #898.
8:07:52 PM: Dragoon warped to map #897.
8:08:06 PM: Dragoon warped to map #705.
8:08:20 PM: Dragoon warped to map #726.
8:08:25 PM: Dragoon warped to map #726.
1:25:36 PM: Dragoon changed MOTD to: Welcome! This is a test server for my translation engine! I've added WASD controls (and enabled them by default), you simply need to click the game screen to de-select the Chat box!
1:40:47 PM: Dragoon has warped to lol, map #36.
1:42:08 PM: Dragoon has warped lol to self, map #36.
1:42:33 PM: Dragoon has warped to Zelda, map #36.
1:44:11 PM: Dragoon has warped Zelda to self, map #37.
1:44:28 PM: Dragoon has warped Zelda to self, map #37.
1:52:53 PM: Dragoon has warped to Zelda, map #34.
1:54:39 PM: Dragoon has warped Zelda to self, map #34.
1:59:40 PM: Dragoon saved item #1.
1:59:40 PM: Dragoon saved item #191.
1:59:40 PM: Dragoon saved item #225.
1:59:40 PM: Dragoon saved item #228.
1:59:40 PM: Dragoon saved item #252.
1:59:40 PM: Dragoon saved item #280.
1:59:40 PM: Dragoon saved item #290.
1:59:40 PM: Dragoon saved item #297.
1:59:40 PM: Dragoon saved item #299.
1:59:40 PM: Dragoon saved item #479.
1:59:40 PM: Dragoon saved item #484.
1:59:40 PM: Dragoon saved item #485.
1:59:40 PM: Dragoon saved item #555.
1:59:40 PM: Dragoon saved item #561.
1:59:40 PM: Dragoon saved item #589.
1:59:40 PM: Dragoon saved item #599.
1:59:40 PM: Dragoon saved item #604.
1:59:40 PM: Dragoon saved item #607.
1:59:40 PM: Dragoon saved item #877.
1:59:40 PM: Dragoon saved item #878.
2:00:07 PM: Dragoon warped to map #34.
2:02:06 PM: Dragoon ha spawneado el item: 878(Gran Llave Bosque) con un valor de: 1, en el mapa: 34
2:02:31 PM: Dragoon has warped to Zelda, map #38.
2:03:55 PM: Dragoon has warped to Zelda, map #38.
2:14:32 PM: Dragoon saved item #1.
2:14:32 PM: Dragoon saved item #82.
2:14:32 PM: Dragoon saved item #84.
2:14:32 PM: Dragoon saved item #898.
2:17:13 PM: Dragoon has warped to Zelda, map #40.
2:17:39 PM: Dragoon has warped Zelda to self, map #40.
3:07:31 PM: Dragoon has warped to Zelda, map #40.
3:13:30 PM: Dragoon has warped Zelda to self, map #43.
3:28:02 PM: Dragoon warped to map #35.
3:28:09 PM: Dragoon warped to map #34.
3:28:17 PM: Dragoon has warped to Zelda, map #37.
3:59:33 PM: Dragoon warped to map #34.
4:10:14 PM: Dragoon has warped to Zelda, map #351.
8:01:35 PM: Dragoon has warped to DarkNick, map #344.
8:01:58 PM: Dragoon has warped to DarkNick, map #75.
8:02:35 PM: Dragoon has warped DarkNick to self, map #57.
8:02:42 PM: Dragoon has warped DarkNick to self, map #57.
8:03:50 PM: Dragoon has warped DarkNick to self, map #38.
8:04:12 PM: Dragoon has warped DarkNick to self, map #39.
8:04:39 PM: Dragoon has warped DarkNick to self, map #39.
8:06:26 PM: Dragoon has warped DarkNick to self, map #40.
8:10:02 PM: Dragoon has warped DarkNick to self, map #40.
8:10:58 PM: Dragoon has warped to DarkNick, map #37.
8:44:16 PM: Dragoon has warped to Zelda, map #38.
8:45:33 PM: Dragoon has respawned map #38
8:46:44 PM: Dragoon has warped to Zelda, map #38.
8:49:12 PM: Dragoon has respawned map #38
8:50:53 PM: Dragoon has respawned map #40
8:54:28 PM: Dragoon changed MOTD to: Welcome! Please use /bugreport to report any issues or bugs you find!\rTo enable/disable WASD: /wasd. E/ctrl for attacking and spacebar to pick up items.
8:56:21 PM: Dragoon changed MOTD to: Welcome! Please use /bugreport to report any issues or bugs you find!\rWASD controls: E or ctrl for attacking and spacebar to pick up items.\rArrow keys for movement and Enter key for picking up
8:58:54 PM: Dragoon has warped DarkLink22 to self, map #36.
9:00:35 PM: Dragoon has warped DarkLink222 to self, map #36.
9:20:07 PM: Dragoon has warped test to self, map #36.
9:25:55 PM: Dragoon has warped to Zelda, map #197.
9:27:46 PM: Dragoon has warped to Taichi, map #21.
9:28:30 PM: Dragoon has warped to Taichi, map #53.
9:34:25 PM: Dragoon has warped to Zelda, map #192.
2:05:38 PM: Dragoon has warped to Zelda, map #161.
2:06:07 PM: Dragoon has warped to Zelda, map #161.
3:11:38 PM: Dragoon has warped to Zelda, map #300.
3:11:55 PM: Dragoon has warped Zelda to self, map #300.
3:13:38 PM: Dragoon saved Spell #1.
3:13:38 PM: Dragoon saved Spell #6.
6/18/2015 10:23:39 AM: Dragoon warped to map #1.
6/18/2015 10:23:43 AM: Dragoon warped to map #2.
6/18/2015 10:23:46 AM: Dragoon warped to map #3.
6/18/2015 10:23:50 AM: Dragoon warped to map #8.
6/18/2015 10:23:54 AM: Dragoon warped to map #11.
6/18/2015 10:24:18 AM: Dragoon warped to map #31.
6/18/2015 11:56:50 AM: Dragoon warped to map #11.
6/18/2015 12:43:58 PM: Map #65 has been modified by Dragoon      from IP 127.0.0.1. Revision 31
6/18/2015 1:00:40 PM: Map #65 has been modified by Dragoon      from IP 127.0.0.1. Revision 31
6/18/2015 2:02:20 PM: Map #65 has been modified by Dragoon      from IP 127.0.0.1. Revision 31
6/18/2015 2:05:27 PM: Map #65 has been modified by Dragoon      from IP 127.0.0.1. Revision 31
6/18/2015 2:09:30 PM: Map #65 has been modified by Dragoon      from IP 127.0.0.1. Revision 31
6/18/2015 2:34:49 PM: Map #65 has been modified by Dragoon      from IP 127.0.0.1. Revision 31
6/18/2015 4:07:56 PM: Dragoon saved Animation #1.
6/18/2015 4:08:00 PM: Dragoon saved Animation #13.
6/18/2015 4:10:15 PM: Dragoon saved Animation #1.
6/18/2015 4:10:18 PM: Dragoon saved Animation #13.
6/18/2015 4:11:58 PM: Dragoon saving shop #1.
6/18/2015 4:12:20 PM: Dragoon saving shop #1.
6/18/2015 4:16:18 PM: Dragoon saved Resource #1.
6/18/2015 4:16:18 PM: Dragoon saved Resource #14.
6/18/2015 4:16:18 PM: Dragoon saved Resource #16.
6/18/2015 4:16:18 PM: Dragoon saved Resource #17.
6/18/2015 4:16:18 PM: Dragoon saved Resource #18.
6/18/2015 4:16:18 PM: Dragoon saved Resource #30.
6/18/2015 4:16:18 PM: Dragoon saved Resource #31.
6/18/2015 4:16:18 PM: Dragoon saved Resource #46.
6/18/2015 4:16:18 PM: Dragoon saved Resource #51.
6/18/2015 4:16:18 PM: Dragoon saved Resource #52.
6/18/2015 4:16:18 PM: Dragoon saved Resource #53.
6/18/2015 4:16:18 PM: Dragoon saved Resource #72.
6/18/2015 4:16:18 PM: Dragoon saved Resource #82.
6/18/2015 4:16:18 PM: Dragoon saved Resource #83.
6/18/2015 4:16:18 PM: Dragoon saved Resource #85.
6/18/2015 4:16:18 PM: Dragoon saved Resource #86.
6/18/2015 4:16:18 PM: Dragoon saved Resource #87.
6/18/2015 4:16:18 PM: Dragoon saved Resource #89.
6/18/2015 6:15:12 PM: Dragoon saved Resource #1.
6/18/2015 6:15:12 PM: Dragoon saved Resource #9.
6/18/2015 6:19:07 PM: Dragoon saved Resource #1.
6/18/2015 6:19:07 PM: Dragoon saved Resource #15.
6/18/2015 6:19:07 PM: Dragoon saved Resource #16.
6/18/2015 6:19:07 PM: Dragoon saved Resource #17.
6/18/2015 6:19:07 PM: Dragoon saved Resource #18.
6/18/2015 6:19:07 PM: Dragoon saved Resource #19.
6/18/2015 6:19:07 PM: Dragoon saved Resource #20.
6/18/2015 6:19:07 PM: Dragoon saved Resource #21.
6/18/2015 6:19:07 PM: Dragoon saved Resource #22.
6/18/2015 6:19:07 PM: Dragoon saved Resource #23.
6/18/2015 6:19:07 PM: Dragoon saved Resource #24.
6/18/2015 6:19:07 PM: Dragoon saved Resource #25.
6/18/2015 6:19:07 PM: Dragoon saved Resource #26.
6/18/2015 6:19:07 PM: Dragoon saved Resource #27.
6/18/2015 6:19:07 PM: Dragoon saved Resource #28.
6/18/2015 6:19:07 PM: Dragoon saved Resource #29.
6/18/2015 6:19:07 PM: Dragoon saved Resource #30.
6/18/2015 6:19:07 PM: Dragoon saved Resource #31.
6/18/2015 6:19:07 PM: Dragoon saved Resource #32.
6/18/2015 6:19:07 PM: Dragoon saved Resource #33.
6/18/2015 6:19:07 PM: Dragoon saved Resource #34.
6/18/2015 6:19:07 PM: Dragoon saved Resource #35.
6/18/2015 6:19:07 PM: Dragoon saved Resource #36.
6/18/2015 6:19:07 PM: Dragoon saved Resource #46.
6/18/2015 6:19:07 PM: Dragoon saved Resource #72.
6/18/2015 6:19:07 PM: Dragoon saved Resource #73.
6/18/2015 6:19:07 PM: Dragoon saved Resource #108.
6/18/2015 6:19:07 PM: Dragoon saved Resource #109.
6/18/2015 6:19:07 PM: Dragoon saved Resource #112.
6/18/2015 6:19:07 PM: Dragoon saved Resource #113.
6/18/2015 6:19:07 PM: Dragoon saved Resource #116.
